mode: atomic
github.com/adrianbrad/chat-v2/pkg/hashauth/hashauth.go:14.61,18.2 1 5
github.com/adrianbrad/chat-v2/pkg/hashauth/hashauth.go:20.86,25.2 4 3
github.com/adrianbrad/chat-v2/pkg/hashauth/hashauth.go:27.59,32.2 4 1
github.com/adrianbrad/chat-v2/pkg/hashauth/httphashauth.go:21.107,26.2 1 3
github.com/adrianbrad/chat-v2/pkg/hashauth/httphashauth.go:28.70,29.88 1 3
github.com/adrianbrad/chat-v2/pkg/hashauth/httphashauth.go:29.88,31.16 2 3
github.com/adrianbrad/chat-v2/pkg/hashauth/httphashauth.go:53.3,53.23 1 2
github.com/adrianbrad/chat-v2/pkg/hashauth/httphashauth.go:31.16,32.18 1 2
github.com/adrianbrad/chat-v2/pkg/hashauth/httphashauth.go:42.4,43.14 2 1
github.com/adrianbrad/chat-v2/pkg/hashauth/httphashauth.go:32.18,40.5 3 1
github.com/adrianbrad/chat-v2/pkg/hashauth/httphashauth.go:43.14,50.5 2 0
github.com/adrianbrad/chat-v2/pkg/otpauth/auth/otpauth.go:17.107,22.2 1 5
github.com/adrianbrad/chat-v2/pkg/otpauth/auth/otpauth.go:24.89,26.9 2 3
github.com/adrianbrad/chat-v2/pkg/otpauth/auth/otpauth.go:30.2,30.8 1 1
github.com/adrianbrad/chat-v2/pkg/otpauth/auth/otpauth.go:26.9,29.3 2 2
github.com/adrianbrad/chat-v2/pkg/otpauth/auth/otpauth.go:33.79,35.12 2 4
github.com/adrianbrad/chat-v2/pkg/otpauth/auth/otpauth.go:40.2,43.16 3 3
github.com/adrianbrad/chat-v2/pkg/otpauth/auth/otpauth.go:49.2,51.8 2 3
github.com/adrianbrad/chat-v2/pkg/otpauth/auth/otpauth.go:35.12,38.3 2 1
github.com/adrianbrad/chat-v2/pkg/otpauth/auth/otpauth.go:43.16,47.3 3 0
github.com/adrianbrad/chat-v2/pkg/otpauth/auth/otpauth.go:54.27,58.2 3 3
github.com/adrianbrad/chat-v2/pkg/otpauth/httpotpauth/httpotpauth.go:23.114,27.2 1 7
github.com/adrianbrad/chat-v2/pkg/otpauth/httpotpauth/httpotpauth.go:29.70,30.88 1 7
github.com/adrianbrad/chat-v2/pkg/otpauth/httpotpauth/httpotpauth.go:30.88,31.19 1 7
github.com/adrianbrad/chat-v2/pkg/otpauth/httpotpauth/httpotpauth.go:32.24,33.27 1 3
github.com/adrianbrad/chat-v2/pkg/otpauth/httpotpauth/httpotpauth.go:34.23,35.37 1 3
github.com/adrianbrad/chat-v2/pkg/otpauth/httpotpauth/httpotpauth.go:36.11,42.10 2 1
github.com/adrianbrad/chat-v2/pkg/otpauth/httpotpauth/httpotpauth.go:47.111,51.16 3 3
github.com/adrianbrad/chat-v2/pkg/otpauth/httpotpauth/httpotpauth.go:61.2,62.9 2 1
github.com/adrianbrad/chat-v2/pkg/otpauth/httpotpauth/httpotpauth.go:72.2,73.22 2 1
github.com/adrianbrad/chat-v2/pkg/otpauth/httpotpauth/httpotpauth.go:51.16,59.3 3 2
github.com/adrianbrad/chat-v2/pkg/otpauth/httpotpauth/httpotpauth.go:62.9,70.3 3 0
github.com/adrianbrad/chat-v2/pkg/otpauth/httpotpauth/httpotpauth.go:76.88,77.19 1 3
github.com/adrianbrad/chat-v2/pkg/otpauth/httpotpauth/httpotpauth.go:87.2,89.16 2 2
github.com/adrianbrad/chat-v2/pkg/otpauth/httpotpauth/httpotpauth.go:99.2,102.16 3 2
github.com/adrianbrad/chat-v2/pkg/otpauth/httpotpauth/httpotpauth.go:112.2,114.8 3 1
github.com/adrianbrad/chat-v2/pkg/otpauth/httpotpauth/httpotpauth.go:77.19,85.3 3 1
github.com/adrianbrad/chat-v2/pkg/otpauth/httpotpauth/httpotpauth.go:89.16,97.3 3 0
github.com/adrianbrad/chat-v2/pkg/otpauth/httpotpauth/httpotpauth.go:102.16,110.3 3 1
github.com/adrianbrad/chat-v2/pkg/websocketshandler/websocketshandler.go:29.22,35.2 1 3
github.com/adrianbrad/chat-v2/pkg/websocketshandler/websocketshandler.go:37.80,39.16 2 3
github.com/adrianbrad/chat-v2/pkg/websocketshandler/websocketshandler.go:49.2,50.16 2 2
github.com/adrianbrad/chat-v2/pkg/websocketshandler/websocketshandler.go:60.2,61.16 2 2
github.com/adrianbrad/chat-v2/pkg/websocketshandler/websocketshandler.go:72.2,73.16 2 1
github.com/adrianbrad/chat-v2/pkg/websocketshandler/websocketshandler.go:39.16,47.3 3 1
github.com/adrianbrad/chat-v2/pkg/websocketshandler/websocketshandler.go:50.16,58.3 3 0
github.com/adrianbrad/chat-v2/pkg/websocketshandler/websocketshandler.go:61.16,69.3 3 1
github.com/adrianbrad/chat-v2/pkg/websocketshandler/websocketshandler.go:73.16,76.3 2 0
github.com/adrianbrad/chat-v2/pkg/websocketshandler/websocketshandler_mocks.go:14.101,18.2 3 1
github.com/adrianbrad/chat-v2/pkg/websocketshandler/websocketshandler_mocks.go:20.114,25.2 4 2
github.com/adrianbrad/chat-v2/pkg/websocketshandler/websocketshandler_mocks.go:31.136,34.16 3 2
github.com/adrianbrad/chat-v2/pkg/websocketshandler/websocketshandler_mocks.go:37.2,39.20 3 1
github.com/adrianbrad/chat-v2/pkg/websocketshandler/websocketshandler_mocks.go:34.16,36.3 1 1
github.com/adrianbrad/chat-v2/internal/chatservice/chatservice.go:44.16,47.16 2 0
github.com/adrianbrad/chat-v2/internal/chatservice/chatservice.go:50.2,51.33 2 0
github.com/adrianbrad/chat-v2/internal/chatservice/chatservice.go:55.2,72.11 4 0
github.com/adrianbrad/chat-v2/internal/chatservice/chatservice.go:47.16,49.3 1 0
github.com/adrianbrad/chat-v2/internal/chatservice/chatservice.go:51.33,53.3 1 0
github.com/adrianbrad/chat-v2/internal/chatservice/chatservice.go:75.47,76.6 1 2
github.com/adrianbrad/chat-v2/internal/chatservice/chatservice.go:76.6,77.10 1 4
github.com/adrianbrad/chat-v2/internal/chatservice/chatservice.go:78.32,82.17 3 1
github.com/adrianbrad/chat-v2/internal/chatservice/chatservice.go:86.35,90.17 3 1
github.com/adrianbrad/chat-v2/internal/chatservice/chatservice.go:94.21,98.10 1 1
github.com/adrianbrad/chat-v2/internal/chatservice/chatservice.go:82.17,84.5 1 1
github.com/adrianbrad/chat-v2/internal/chatservice/chatservice.go:90.17,92.5 1 1
github.com/adrianbrad/chat-v2/internal/chatservice/chatservice.go:103.30,105.2 1 1
github.com/adrianbrad/chat-v2/internal/chatservice/chatservice.go:107.114,109.25 2 3
github.com/adrianbrad/chat-v2/internal/chatservice/chatservice.go:114.2,115.9 2 2
github.com/adrianbrad/chat-v2/internal/chatservice/chatservice.go:120.2,121.16 2 1
github.com/adrianbrad/chat-v2/internal/chatservice/chatservice.go:125.2,126.9 2 0
github.com/adrianbrad/chat-v2/internal/chatservice/chatservice.go:131.2,134.8 4 0
github.com/adrianbrad/chat-v2/internal/chatservice/chatservice.go:109.25,112.3 2 1
github.com/adrianbrad/chat-v2/internal/chatservice/chatservice.go:115.9,118.3 2 1
github.com/adrianbrad/chat-v2/internal/chatservice/chatservice.go:121.16,123.3 1 1
github.com/adrianbrad/chat-v2/internal/chatservice/chatservice.go:126.9,129.3 2 0
github.com/adrianbrad/chat-v2/internal/chatservice/chatservice.go:137.110,139.9 2 1
github.com/adrianbrad/chat-v2/internal/chatservice/chatservice.go:143.2,144.9 2 1
github.com/adrianbrad/chat-v2/internal/chatservice/chatservice.go:149.2,153.15 4 1
github.com/adrianbrad/chat-v2/internal/chatservice/chatservice.go:160.2,161.8 2 1
github.com/adrianbrad/chat-v2/internal/chatservice/chatservice.go:139.9,142.3 2 0
github.com/adrianbrad/chat-v2/internal/chatservice/chatservice.go:144.9,147.3 2 0
github.com/adrianbrad/chat-v2/internal/chatservice/chatservice.go:153.15,157.3 3 1
github.com/adrianbrad/chat-v2/configs/loadconfig.go:7.69,11.16 3 1
github.com/adrianbrad/chat-v2/configs/loadconfig.go:15.2,16.8 2 1
github.com/adrianbrad/chat-v2/configs/loadconfig.go:11.16,13.3 1 0
github.com/adrianbrad/chat-v2/configs/loadconfig.go:19.80,23.16 3 0
github.com/adrianbrad/chat-v2/configs/loadconfig.go:27.2,28.8 2 0
github.com/adrianbrad/chat-v2/configs/loadconfig.go:23.16,25.3 1 0
github.com/adrianbrad/chat-v2/internal/client/clientfactory.go:16.121,18.2 1 0
github.com/adrianbrad/chat-v2/internal/client/clientfactory.go:29.107,34.2 1 0
github.com/adrianbrad/chat-v2/internal/client/clientfactory.go:36.119,51.2 2 0
github.com/adrianbrad/chat-v2/internal/client/clientfactory.go:53.34,54.118 1 0
github.com/adrianbrad/chat-v2/internal/client/clientfactory.go:54.118,56.3 1 0
github.com/adrianbrad/chat-v2/internal/client/client.go:49.41,55.25 5 2
github.com/adrianbrad/chat-v2/internal/client/client.go:61.2,61.6 1 2
github.com/adrianbrad/chat-v2/internal/client/client.go:55.25,57.17 2 0
github.com/adrianbrad/chat-v2/internal/client/client.go:57.17,59.4 1 0
github.com/adrianbrad/chat-v2/internal/client/client.go:61.6,62.10 1 2
github.com/adrianbrad/chat-v2/internal/client/client.go:63.40,65.14 2 2
github.com/adrianbrad/chat-v2/internal/client/client.go:67.11,69.11 2 0
github.com/adrianbrad/chat-v2/internal/client/client.go:75.4,75.18 1 0
github.com/adrianbrad/chat-v2/internal/client/client.go:70.26,71.21 1 0
github.com/adrianbrad/chat-v2/internal/client/client.go:72.12,72.12 0 0
github.com/adrianbrad/chat-v2/internal/client/client.go:81.30,85.16 3 3
github.com/adrianbrad/chat-v2/internal/client/client.go:90.2,90.15 1 2
github.com/adrianbrad/chat-v2/internal/client/client.go:92.2,92.99 1 2
github.com/adrianbrad/chat-v2/internal/client/client.go:96.2,97.15 2 2
github.com/adrianbrad/chat-v2/internal/client/client.go:101.2,104.16 4 2
github.com/adrianbrad/chat-v2/internal/client/client.go:109.2,110.16 2 1
github.com/adrianbrad/chat-v2/internal/client/client.go:114.2,114.8 1 0
github.com/adrianbrad/chat-v2/internal/client/client.go:85.16,88.3 2 1
github.com/adrianbrad/chat-v2/internal/client/client.go:90.15,90.47 1 2
github.com/adrianbrad/chat-v2/internal/client/client.go:92.99,94.3 1 0
github.com/adrianbrad/chat-v2/internal/client/client.go:97.15,99.3 1 2
github.com/adrianbrad/chat-v2/internal/client/client.go:104.16,107.3 2 1
github.com/adrianbrad/chat-v2/internal/client/client.go:110.16,113.3 2 1
github.com/adrianbrad/chat-v2/internal/client/client.go:119.31,120.9 1 2
github.com/adrianbrad/chat-v2/internal/client/client.go:121.36,124.17 2 2
github.com/adrianbrad/chat-v2/internal/client/client.go:129.10,129.10 0 0
github.com/adrianbrad/chat-v2/internal/client/client.go:124.17,128.4 2 1
github.com/adrianbrad/chat-v2/internal/client/client.go:133.39,134.24 1 3
github.com/adrianbrad/chat-v2/internal/client/client.go:134.24,136.3 1 3
github.com/adrianbrad/chat-v2/internal/client/client.go:139.52,141.2 1 3
github.com/adrianbrad/chat-v2/internal/client/client.go:143.66,145.2 1 2
github.com/adrianbrad/chat-v2/internal/client/client.go:147.44,149.2 1 4
github.com/adrianbrad/chat-v2/internal/client/client_mock.go:17.23,21.2 1 0
github.com/adrianbrad/chat-v2/internal/client/client_mock.go:23.24,23.25 0 0
github.com/adrianbrad/chat-v2/internal/client/client_mock.go:25.28,25.42 1 0
github.com/adrianbrad/chat-v2/internal/client/client_mock.go:28.24,30.2 1 0
github.com/adrianbrad/chat-v2/internal/client/client_mock.go:32.59,34.2 1 0
github.com/adrianbrad/chat-v2/internal/client/client_mock.go:36.45,38.2 1 0
github.com/adrianbrad/chat-v2/internal/client/client_mock.go:40.37,43.2 2 0
github.com/adrianbrad/chat-v2/internal/repository/roomrepository/roomrepoistory_mock.go:13.46,16.2 2 0
github.com/adrianbrad/chat-v2/internal/repository/roomrepository/roomrepository.go:14.56,16.2 1 0
github.com/adrianbrad/chat-v2/internal/repository/roomrepository/roomrepository.go:18.69,23.16 2 0
github.com/adrianbrad/chat-v2/internal/repository/roomrepository/roomrepository.go:26.2,29.18 3 0
github.com/adrianbrad/chat-v2/internal/repository/roomrepository/roomrepository.go:38.2,40.8 2 0
github.com/adrianbrad/chat-v2/internal/repository/roomrepository/roomrepository.go:23.16,25.3 1 0
github.com/adrianbrad/chat-v2/internal/repository/roomrepository/roomrepository.go:29.18,31.17 2 0
github.com/adrianbrad/chat-v2/internal/repository/roomrepository/roomrepository.go:35.3,35.42 1 0
github.com/adrianbrad/chat-v2/internal/repository/roomrepository/roomrepository.go:31.17,34.4 2 0
github.com/adrianbrad/chat-v2/internal/repository/messagerepository/messagerepository.go:16.62,18.2 1 0
github.com/adrianbrad/chat-v2/internal/repository/messagerepository/messagerepository.go:20.109,21.30 1 3
github.com/adrianbrad/chat-v2/internal/repository/messagerepository/messagerepository.go:25.2,38.16 2 2
github.com/adrianbrad/chat-v2/internal/repository/messagerepository/messagerepository.go:42.2,44.8 3 0
github.com/adrianbrad/chat-v2/internal/repository/messagerepository/messagerepository.go:21.30,24.3 2 1
github.com/adrianbrad/chat-v2/internal/repository/messagerepository/messagerepository.go:38.16,40.3 1 2
github.com/adrianbrad/chat-v2/internal/user/permission.go:13.37,15.2 1 0
github.com/adrianbrad/chat-v2/internal/user/user.go:9.41,10.32 1 0
github.com/adrianbrad/chat-v2/internal/user/user.go:13.2,13.73 1 0
github.com/adrianbrad/chat-v2/internal/user/user.go:10.32,12.3 1 0
github.com/adrianbrad/chat-v2/internal/user/user.go:13.73,15.3 1 0
github.com/adrianbrad/chat-v2/internal/user/userservice.go:20.59,24.2 1 0
github.com/adrianbrad/chat-v2/internal/user/userservice.go:26.73,27.18 1 0
github.com/adrianbrad/chat-v2/internal/user/userservice.go:28.22,29.21 1 0
github.com/adrianbrad/chat-v2/internal/user/userservice.go:31.23,32.23 1 0
github.com/adrianbrad/chat-v2/internal/user/userservice.go:34.22,35.23 1 0
github.com/adrianbrad/chat-v2/internal/user/userservice.go:37.25,38.23 1 0
github.com/adrianbrad/chat-v2/internal/user/userservice.go:40.10,45.4 1 0
github.com/adrianbrad/chat-v2/internal/user/userservice.go:49.74,51.18 2 0
github.com/adrianbrad/chat-v2/internal/user/userservice.go:51.19,53.3 0 0
github.com/adrianbrad/chat-v2/internal/user/userservice.go:53.8,55.17 2 0
github.com/adrianbrad/chat-v2/internal/user/userservice.go:64.3,65.17 2 0
github.com/adrianbrad/chat-v2/internal/user/userservice.go:74.3,76.9 3 0
github.com/adrianbrad/chat-v2/internal/user/userservice.go:55.17,62.4 2 0
github.com/adrianbrad/chat-v2/internal/user/userservice.go:65.17,72.4 2 0
github.com/adrianbrad/chat-v2/internal/user/userservice.go:80.76,82.16 2 0
github.com/adrianbrad/chat-v2/internal/user/userservice.go:91.2,93.16 3 0
github.com/adrianbrad/chat-v2/internal/user/userservice.go:102.2,103.16 2 0
github.com/adrianbrad/chat-v2/internal/user/userservice.go:112.2,112.35 1 0
github.com/adrianbrad/chat-v2/internal/user/userservice.go:82.16,89.3 2 0
github.com/adrianbrad/chat-v2/internal/user/userservice.go:93.16,100.3 2 0
github.com/adrianbrad/chat-v2/internal/user/userservice.go:103.16,110.3 2 0
github.com/adrianbrad/chat-v2/internal/user/userservice.go:115.76,117.16 2 0
github.com/adrianbrad/chat-v2/internal/user/userservice.go:126.2,127.18 2 0
github.com/adrianbrad/chat-v2/internal/user/userservice.go:136.2,138.16 3 0
github.com/adrianbrad/chat-v2/internal/user/userservice.go:147.2,148.16 2 0
github.com/adrianbrad/chat-v2/internal/user/userservice.go:157.2,157.30 1 0
github.com/adrianbrad/chat-v2/internal/user/userservice.go:117.16,124.3 2 0
github.com/adrianbrad/chat-v2/internal/user/userservice.go:127.18,134.3 2 0
github.com/adrianbrad/chat-v2/internal/user/userservice.go:138.16,145.3 2 0
github.com/adrianbrad/chat-v2/internal/user/userservice.go:148.16,155.3 2 0
github.com/adrianbrad/chat-v2/internal/user/userservice.go:160.76,162.18 2 0
github.com/adrianbrad/chat-v2/internal/user/userservice.go:171.2,172.16 2 0
github.com/adrianbrad/chat-v2/internal/user/userservice.go:181.2,181.30 1 0
github.com/adrianbrad/chat-v2/internal/user/userservice.go:162.18,169.3 2 0
github.com/adrianbrad/chat-v2/internal/user/userservice.go:172.16,179.3 2 0
github.com/adrianbrad/chat-v2/internal/room/room.go:23.27,39.2 3 0
github.com/adrianbrad/chat-v2/internal/room/room.go:41.40,42.6 1 4
github.com/adrianbrad/chat-v2/internal/room/room.go:42.6,43.10 1 9
github.com/adrianbrad/chat-v2/internal/room/room.go:44.37,46.17 2 1
github.com/adrianbrad/chat-v2/internal/room/room.go:49.4,49.91 1 1
github.com/adrianbrad/chat-v2/internal/room/room.go:51.41,53.17 2 2
github.com/adrianbrad/chat-v2/internal/room/room.go:56.4,56.96 1 2
github.com/adrianbrad/chat-v2/internal/room/room.go:58.36,60.17 2 2
github.com/adrianbrad/chat-v2/internal/room/room.go:64.17,65.17 1 4
github.com/adrianbrad/chat-v2/internal/room/room.go:68.4,68.10 1 4
github.com/adrianbrad/chat-v2/internal/room/room.go:46.17,48.5 1 1
github.com/adrianbrad/chat-v2/internal/room/room.go:53.17,55.5 1 2
github.com/adrianbrad/chat-v2/internal/room/room.go:60.17,62.5 1 2
github.com/adrianbrad/chat-v2/internal/room/room.go:65.17,67.5 1 4
github.com/adrianbrad/chat-v2/internal/room/room.go:73.23,75.2 1 4
github.com/adrianbrad/chat-v2/internal/room/room.go:77.58,78.32 1 2
github.com/adrianbrad/chat-v2/internal/room/room.go:78.32,80.3 1 5
github.com/adrianbrad/chat-v2/internal/repository/userrepository/userrepository.go:25.56,39.2 7 2
github.com/adrianbrad/chat-v2/internal/repository/userrepository/userrepository.go:42.34,43.6 1 3
github.com/adrianbrad/chat-v2/internal/repository/userrepository/userrepository.go:43.6,44.10 1 716315
github.com/adrianbrad/chat-v2/internal/repository/userrepository/userrepository.go:45.25,47.12 2 2
github.com/adrianbrad/chat-v2/internal/repository/userrepository/userrepository.go:49.11,50.11 1 716313
github.com/adrianbrad/chat-v2/internal/repository/userrepository/userrepository.go:51.39,53.19 2 2
github.com/adrianbrad/chat-v2/internal/repository/userrepository/userrepository.go:56.5,56.13 1 2
github.com/adrianbrad/chat-v2/internal/repository/userrepository/userrepository.go:58.12,59.12 1 716311
github.com/adrianbrad/chat-v2/internal/repository/userrepository/userrepository.go:53.19,55.6 1 2
github.com/adrianbrad/chat-v2/internal/repository/userrepository/userrepository.go:60.23,62.12 2 3
github.com/adrianbrad/chat-v2/internal/repository/userrepository/userrepository.go:63.13,63.13 0 716308
github.com/adrianbrad/chat-v2/internal/repository/userrepository/userrepository.go:70.35,73.2 2 3
github.com/adrianbrad/chat-v2/internal/repository/userrepository/userrepository.go:75.72,90.16 4 3
github.com/adrianbrad/chat-v2/internal/repository/userrepository/userrepository.go:93.2,95.45 2 2
github.com/adrianbrad/chat-v2/internal/repository/userrepository/userrepository.go:99.2,100.8 2 2
github.com/adrianbrad/chat-v2/internal/repository/userrepository/userrepository.go:90.16,92.3 1 1
github.com/adrianbrad/chat-v2/internal/repository/userrepository/userrepository.go:95.45,97.3 1 4
github.com/adrianbrad/chat-v2/internal/repository/userrepository/userrepository.go:103.63,105.16 2 2
github.com/adrianbrad/chat-v2/internal/repository/userrepository/userrepository.go:109.2,113.16 2 2
github.com/adrianbrad/chat-v2/internal/repository/userrepository/userrepository.go:116.2,116.40 1 1
github.com/adrianbrad/chat-v2/internal/repository/userrepository/userrepository.go:121.2,122.16 2 1
github.com/adrianbrad/chat-v2/internal/repository/userrepository/userrepository.go:126.2,126.45 1 1
github.com/adrianbrad/chat-v2/internal/repository/userrepository/userrepository.go:133.2,134.16 2 1
github.com/adrianbrad/chat-v2/internal/repository/userrepository/userrepository.go:138.2,139.16 2 1
github.com/adrianbrad/chat-v2/internal/repository/userrepository/userrepository.go:143.2,144.16 2 1
github.com/adrianbrad/chat-v2/internal/repository/userrepository/userrepository.go:148.2,149.8 2 1
github.com/adrianbrad/chat-v2/internal/repository/userrepository/userrepository.go:105.16,107.3 1 0
github.com/adrianbrad/chat-v2/internal/repository/userrepository/userrepository.go:113.16,115.3 1 1
github.com/adrianbrad/chat-v2/internal/repository/userrepository/userrepository.go:116.40,119.3 2 0
github.com/adrianbrad/chat-v2/internal/repository/userrepository/userrepository.go:122.16,124.3 1 0
github.com/adrianbrad/chat-v2/internal/repository/userrepository/userrepository.go:126.45,128.17 2 0
github.com/adrianbrad/chat-v2/internal/repository/userrepository/userrepository.go:128.17,130.4 1 0
github.com/adrianbrad/chat-v2/internal/repository/userrepository/userrepository.go:134.16,136.3 1 0
github.com/adrianbrad/chat-v2/internal/repository/userrepository/userrepository.go:139.16,141.3 1 0
github.com/adrianbrad/chat-v2/internal/repository/userrepository/userrepository.go:144.16,146.3 1 0
github.com/adrianbrad/chat-v2/internal/repository/userrepository/userrepository.go:152.63,154.16 2 2
github.com/adrianbrad/chat-v2/internal/repository/userrepository/userrepository.go:158.2,163.16 2 2
github.com/adrianbrad/chat-v2/internal/repository/userrepository/userrepository.go:166.2,166.40 1 2
github.com/adrianbrad/chat-v2/internal/repository/userrepository/userrepository.go:171.2,175.16 2 1
github.com/adrianbrad/chat-v2/internal/repository/userrepository/userrepository.go:179.2,180.16 2 1
github.com/adrianbrad/chat-v2/internal/repository/userrepository/userrepository.go:184.2,184.45 1 1
github.com/adrianbrad/chat-v2/internal/repository/userrepository/userrepository.go:191.2,192.16 2 1
github.com/adrianbrad/chat-v2/internal/repository/userrepository/userrepository.go:196.2,197.16 2 1
github.com/adrianbrad/chat-v2/internal/repository/userrepository/userrepository.go:201.2,205.8 3 1
github.com/adrianbrad/chat-v2/internal/repository/userrepository/userrepository.go:154.16,156.3 1 0
github.com/adrianbrad/chat-v2/internal/repository/userrepository/userrepository.go:163.16,165.3 1 0
github.com/adrianbrad/chat-v2/internal/repository/userrepository/userrepository.go:166.40,169.3 2 1
github.com/adrianbrad/chat-v2/internal/repository/userrepository/userrepository.go:175.16,177.3 1 0
github.com/adrianbrad/chat-v2/internal/repository/userrepository/userrepository.go:180.16,182.3 1 0
github.com/adrianbrad/chat-v2/internal/repository/userrepository/userrepository.go:184.45,186.17 2 1
github.com/adrianbrad/chat-v2/internal/repository/userrepository/userrepository.go:186.17,188.4 1 0
github.com/adrianbrad/chat-v2/internal/repository/userrepository/userrepository.go:192.16,194.3 1 0
github.com/adrianbrad/chat-v2/internal/repository/userrepository/userrepository.go:197.16,199.3 1 0
github.com/adrianbrad/chat-v2/internal/repository/userrepository/userrepository.go:208.95,210.16 2 1
github.com/adrianbrad/chat-v2/internal/repository/userrepository/userrepository.go:214.2,218.16 2 1
github.com/adrianbrad/chat-v2/internal/repository/userrepository/userrepository.go:222.2,223.16 2 1
github.com/adrianbrad/chat-v2/internal/repository/userrepository/userrepository.go:227.2,229.43 2 1
github.com/adrianbrad/chat-v2/internal/repository/userrepository/userrepository.go:237.2,238.16 2 1
github.com/adrianbrad/chat-v2/internal/repository/userrepository/userrepository.go:242.2,243.16 2 1
github.com/adrianbrad/chat-v2/internal/repository/userrepository/userrepository.go:247.2,248.16 2 1
github.com/adrianbrad/chat-v2/internal/repository/userrepository/userrepository.go:251.2,257.8 3 1
github.com/adrianbrad/chat-v2/internal/repository/userrepository/userrepository.go:210.16,212.3 1 0
github.com/adrianbrad/chat-v2/internal/repository/userrepository/userrepository.go:218.16,220.3 1 0
github.com/adrianbrad/chat-v2/internal/repository/userrepository/userrepository.go:223.16,225.3 1 0
github.com/adrianbrad/chat-v2/internal/repository/userrepository/userrepository.go:229.43,231.17 2 1
github.com/adrianbrad/chat-v2/internal/repository/userrepository/userrepository.go:234.3,234.44 1 1
github.com/adrianbrad/chat-v2/internal/repository/userrepository/userrepository.go:231.17,233.4 1 0
github.com/adrianbrad/chat-v2/internal/repository/userrepository/userrepository.go:238.16,240.3 1 0
github.com/adrianbrad/chat-v2/internal/repository/userrepository/userrepository.go:243.16,245.3 1 0
github.com/adrianbrad/chat-v2/internal/repository/userrepository/userrepository.go:248.16,250.3 1 0
github.com/adrianbrad/chat-v2/internal/repository/userrepository/userrepository.go:260.94,266.16 2 0
github.com/adrianbrad/chat-v2/internal/repository/userrepository/userrepository.go:270.2,270.40 1 0
github.com/adrianbrad/chat-v2/internal/repository/userrepository/userrepository.go:275.2,281.8 3 0
github.com/adrianbrad/chat-v2/internal/repository/userrepository/userrepository.go:266.16,268.3 1 0
github.com/adrianbrad/chat-v2/internal/repository/userrepository/userrepository.go:270.40,273.3 2 0
github.com/adrianbrad/chat-v2/internal/repository/userrepository/userrepository.go:284.62,289.16 2 0
github.com/adrianbrad/chat-v2/internal/repository/userrepository/userrepository.go:292.2,292.40 1 0
github.com/adrianbrad/chat-v2/internal/repository/userrepository/userrepository.go:297.2,297.8 1 0
github.com/adrianbrad/chat-v2/internal/repository/userrepository/userrepository.go:289.16,291.3 1 0
github.com/adrianbrad/chat-v2/internal/repository/userrepository/userrepository.go:292.40,295.3 2 0
github.com/adrianbrad/chat-v2/internal/repository/userrepository/userrepository_mock.go:13.62,16.16 3 0
github.com/adrianbrad/chat-v2/internal/repository/userrepository/userrepository_mock.go:19.2,20.8 2 0
github.com/adrianbrad/chat-v2/internal/repository/userrepository/userrepository_mock.go:16.16,18.3 1 0
github.com/adrianbrad/chat-v2/internal/repository/userrepository/userrepository_mock.go:23.51,27.2 3 0
github.com/adrianbrad/chat-v2/test/integration/initdeps.go:57.35,72.99 8 4
github.com/adrianbrad/chat-v2/test/integration/initdeps.go:79.2,87.37 3 4
github.com/adrianbrad/chat-v2/test/integration/initdeps.go:95.2,100.100 2 4
github.com/adrianbrad/chat-v2/test/integration/initdeps.go:112.2,115.3 1 4
github.com/adrianbrad/chat-v2/test/integration/initdeps.go:72.99,77.3 4 4
github.com/adrianbrad/chat-v2/test/integration/initdeps.go:87.37,89.17 2 5
github.com/adrianbrad/chat-v2/test/integration/initdeps.go:92.3,92.14 1 5
github.com/adrianbrad/chat-v2/test/integration/initdeps.go:89.17,91.4 1 0
github.com/adrianbrad/chat-v2/test/integration/initdeps.go:100.100,102.17 2 4
github.com/adrianbrad/chat-v2/test/integration/initdeps.go:105.3,109.32 4 4
github.com/adrianbrad/chat-v2/test/integration/initdeps.go:102.17,104.4 1 0
github.com/adrianbrad/chat-v2/test/integration/initdeps.go:118.40,120.16 2 4
github.com/adrianbrad/chat-v2/test/integration/initdeps.go:123.2,123.11 1 4
github.com/adrianbrad/chat-v2/test/integration/initdeps.go:120.16,122.3 1 0
github.com/adrianbrad/chat-v2/test/integration/initdeps.go:126.78,131.12 4 4
github.com/adrianbrad/chat-v2/test/integration/initdeps.go:136.2,137.16 2 4
github.com/adrianbrad/chat-v2/test/integration/initdeps.go:131.12,134.3 2 4
github.com/adrianbrad/chat-v2/test/integration/initdeps.go:137.16,141.3 3 4
