mode: atomic
github.com/adrianbrad/chat-v2/internal/repository/roomrepository/roomrepoistory_mock.go:13.46,16.2 2 0
github.com/adrianbrad/chat-v2/internal/repository/roomrepository/roomrepository.go:12.56,14.2 1 0
github.com/adrianbrad/chat-v2/internal/repository/userrepository/userrepository.go:12.73,14.2 1 0
github.com/adrianbrad/chat-v2/internal/repository/userrepository/userrepository_mock.go:13.62,16.16 3 0
github.com/adrianbrad/chat-v2/internal/repository/userrepository/userrepository_mock.go:19.2,20.8 2 0
github.com/adrianbrad/chat-v2/internal/repository/userrepository/userrepository_mock.go:16.16,18.3 1 0
github.com/adrianbrad/chat-v2/internal/room/room.go:30.9,48.2 3 0
github.com/adrianbrad/chat-v2/internal/room/room.go:50.40,51.6 1 4
github.com/adrianbrad/chat-v2/internal/room/room.go:51.6,52.10 1 9
github.com/adrianbrad/chat-v2/internal/room/room.go:53.37,55.17 2 1
github.com/adrianbrad/chat-v2/internal/room/room.go:59.41,61.17 2 2
github.com/adrianbrad/chat-v2/internal/room/room.go:65.36,69.17 3 2
github.com/adrianbrad/chat-v2/internal/room/room.go:73.17,74.17 1 4
github.com/adrianbrad/chat-v2/internal/room/room.go:77.4,77.10 1 4
github.com/adrianbrad/chat-v2/internal/room/room.go:55.17,57.5 1 1
github.com/adrianbrad/chat-v2/internal/room/room.go:61.17,63.5 1 2
github.com/adrianbrad/chat-v2/internal/room/room.go:69.17,71.5 1 2
github.com/adrianbrad/chat-v2/internal/room/room.go:74.17,76.5 1 4
github.com/adrianbrad/chat-v2/internal/room/room.go:82.23,84.2 1 4
github.com/adrianbrad/chat-v2/internal/room/room.go:86.64,88.32 1 2
github.com/adrianbrad/chat-v2/internal/room/room.go:88.32,90.3 1 5
github.com/adrianbrad/chat-v2/internal/chatservice/chatservice.go:41.16,45.33 3 0
github.com/adrianbrad/chat-v2/internal/chatservice/chatservice.go:50.2,65.11 3 0
github.com/adrianbrad/chat-v2/internal/chatservice/chatservice.go:45.33,48.3 1 0
github.com/adrianbrad/chat-v2/internal/chatservice/chatservice.go:68.47,69.6 1 2
github.com/adrianbrad/chat-v2/internal/chatservice/chatservice.go:69.6,70.10 1 3
github.com/adrianbrad/chat-v2/internal/chatservice/chatservice.go:71.32,73.17 2 1
github.com/adrianbrad/chat-v2/internal/chatservice/chatservice.go:77.35,79.17 2 0
github.com/adrianbrad/chat-v2/internal/chatservice/chatservice.go:83.17,84.17 1 0
github.com/adrianbrad/chat-v2/internal/chatservice/chatservice.go:87.4,87.10 1 0
github.com/adrianbrad/chat-v2/internal/chatservice/chatservice.go:73.17,75.5 1 1
github.com/adrianbrad/chat-v2/internal/chatservice/chatservice.go:79.17,81.5 1 0
github.com/adrianbrad/chat-v2/internal/chatservice/chatservice.go:84.17,86.5 1 0
github.com/adrianbrad/chat-v2/internal/chatservice/chatservice.go:92.30,94.2 1 0
github.com/adrianbrad/chat-v2/internal/chatservice/chatservice.go:96.101,98.9 2 4
github.com/adrianbrad/chat-v2/internal/chatservice/chatservice.go:103.2,104.9 2 3
github.com/adrianbrad/chat-v2/internal/chatservice/chatservice.go:109.2,110.16 2 2
github.com/adrianbrad/chat-v2/internal/chatservice/chatservice.go:114.2,118.9 4 1
github.com/adrianbrad/chat-v2/internal/chatservice/chatservice.go:123.2,124.15 2 1
github.com/adrianbrad/chat-v2/internal/chatservice/chatservice.go:130.2,134.8 3 1
github.com/adrianbrad/chat-v2/internal/chatservice/chatservice.go:98.9,101.3 2 1
github.com/adrianbrad/chat-v2/internal/chatservice/chatservice.go:104.9,107.3 2 1
github.com/adrianbrad/chat-v2/internal/chatservice/chatservice.go:110.16,112.3 1 1
github.com/adrianbrad/chat-v2/internal/chatservice/chatservice.go:118.9,121.3 2 0
github.com/adrianbrad/chat-v2/internal/chatservice/chatservice.go:124.15,127.3 2 1
github.com/adrianbrad/chat-v2/pkg/hashauth/httphashauth.go:22.107,28.2 1 3
github.com/adrianbrad/chat-v2/pkg/hashauth/httphashauth.go:30.83,32.15 2 3
github.com/adrianbrad/chat-v2/pkg/hashauth/httphashauth.go:54.2,54.24 1 2
github.com/adrianbrad/chat-v2/pkg/hashauth/httphashauth.go:32.15,33.17 1 2
github.com/adrianbrad/chat-v2/pkg/hashauth/httphashauth.go:43.3,44.13 2 1
github.com/adrianbrad/chat-v2/pkg/hashauth/httphashauth.go:33.17,41.4 3 1
github.com/adrianbrad/chat-v2/pkg/hashauth/httphashauth.go:44.13,51.4 2 0
github.com/adrianbrad/chat-v2/pkg/hashauth/hashauth.go:14.61,18.2 1 5
github.com/adrianbrad/chat-v2/pkg/hashauth/hashauth.go:20.86,25.2 4 3
github.com/adrianbrad/chat-v2/pkg/hashauth/hashauth.go:27.59,32.2 4 1
github.com/adrianbrad/chat-v2/pkg/otpauth/httpotpauth/httpotpauth.go:22.133,27.2 1 7
github.com/adrianbrad/chat-v2/pkg/otpauth/httpotpauth/httpotpauth.go:29.83,30.18 1 7
github.com/adrianbrad/chat-v2/pkg/otpauth/httpotpauth/httpotpauth.go:31.23,32.26 1 3
github.com/adrianbrad/chat-v2/pkg/otpauth/httpotpauth/httpotpauth.go:33.22,34.30 1 3
github.com/adrianbrad/chat-v2/pkg/otpauth/httpotpauth/httpotpauth.go:35.10,41.9 2 1
github.com/adrianbrad/chat-v2/pkg/otpauth/httpotpauth/httpotpauth.go:45.92,49.16 3 3
github.com/adrianbrad/chat-v2/pkg/otpauth/httpotpauth/httpotpauth.go:59.2,60.9 2 1
github.com/adrianbrad/chat-v2/pkg/otpauth/httpotpauth/httpotpauth.go:70.2,71.25 2 1
github.com/adrianbrad/chat-v2/pkg/otpauth/httpotpauth/httpotpauth.go:49.16,57.3 3 2
github.com/adrianbrad/chat-v2/pkg/otpauth/httpotpauth/httpotpauth.go:60.9,68.3 3 0
github.com/adrianbrad/chat-v2/pkg/otpauth/httpotpauth/httpotpauth.go:74.88,75.19 1 3
github.com/adrianbrad/chat-v2/pkg/otpauth/httpotpauth/httpotpauth.go:85.2,87.16 2 2
github.com/adrianbrad/chat-v2/pkg/otpauth/httpotpauth/httpotpauth.go:97.2,100.16 3 2
github.com/adrianbrad/chat-v2/pkg/otpauth/httpotpauth/httpotpauth.go:110.2,112.8 3 1
github.com/adrianbrad/chat-v2/pkg/otpauth/httpotpauth/httpotpauth.go:75.19,83.3 3 1
github.com/adrianbrad/chat-v2/pkg/otpauth/httpotpauth/httpotpauth.go:87.16,95.3 3 0
github.com/adrianbrad/chat-v2/pkg/otpauth/httpotpauth/httpotpauth.go:100.16,108.3 3 1
github.com/adrianbrad/chat-v2/pkg/otpauth/auth/otpauth.go:17.107,22.2 1 5
github.com/adrianbrad/chat-v2/pkg/otpauth/auth/otpauth.go:24.89,26.9 2 3
github.com/adrianbrad/chat-v2/pkg/otpauth/auth/otpauth.go:30.2,30.8 1 1
github.com/adrianbrad/chat-v2/pkg/otpauth/auth/otpauth.go:26.9,29.3 2 2
github.com/adrianbrad/chat-v2/pkg/otpauth/auth/otpauth.go:33.79,35.12 2 4
github.com/adrianbrad/chat-v2/pkg/otpauth/auth/otpauth.go:40.2,43.16 3 3
github.com/adrianbrad/chat-v2/pkg/otpauth/auth/otpauth.go:49.2,51.8 2 3
github.com/adrianbrad/chat-v2/pkg/otpauth/auth/otpauth.go:35.12,38.3 2 1
github.com/adrianbrad/chat-v2/pkg/otpauth/auth/otpauth.go:43.16,47.3 3 0
github.com/adrianbrad/chat-v2/pkg/otpauth/auth/otpauth.go:54.27,58.2 3 3
github.com/adrianbrad/chat-v2/pkg/websocketshandler/websocketshandler.go:28.22,34.2 1 4
github.com/adrianbrad/chat-v2/pkg/websocketshandler/websocketshandler.go:36.80,38.16 2 4
github.com/adrianbrad/chat-v2/pkg/websocketshandler/websocketshandler.go:48.2,49.16 2 3
github.com/adrianbrad/chat-v2/pkg/websocketshandler/websocketshandler.go:60.2,61.16 2 2
github.com/adrianbrad/chat-v2/pkg/websocketshandler/websocketshandler.go:38.16,46.3 3 1
github.com/adrianbrad/chat-v2/pkg/websocketshandler/websocketshandler.go:49.16,57.3 3 1
github.com/adrianbrad/chat-v2/pkg/websocketshandler/websocketshandler.go:61.16,69.3 3 1
github.com/adrianbrad/chat-v2/pkg/websocketshandler/websocketshandler_mocks.go:14.101,18.2 3 2
github.com/adrianbrad/chat-v2/pkg/websocketshandler/websocketshandler_mocks.go:24.136,27.16 3 3
github.com/adrianbrad/chat-v2/pkg/websocketshandler/websocketshandler_mocks.go:30.2,32.20 3 2
github.com/adrianbrad/chat-v2/pkg/websocketshandler/websocketshandler_mocks.go:27.16,29.3 1 1
